# JRE version: OpenJDK Runtime Environment (8.0_242-b01) (build 1.8.0_242-release-1644-b01)
# Java VM: OpenJDK 64-Bit Server VM (25.242-b01 mixed mode windows-amd64 compressed oops)
Heap:
 PSYoungGen      total 324096K, used 324090K [0x00000000e0000000, 0x00000000fb180000, 0x0000000100000000)
  eden space 301056K, 100% used [0x00000000e0000000,0x00000000f2600000,0x00000000f2600000)
  from space 23040K, 99% used [0x00000000f2600000,0x00000000f3c7ea58,0x00000000f3c80000)
  to   space 29184K, 56% used [0x00000000f9500000,0x00000000fa500070,0x00000000fb180000)
 ParOldGen       total 120320K, used 66792K [0x00000000a0000000, 0x00000000a7580000, 0x00000000e0000000)
  object space 120320K, 55% used [0x00000000a0000000,0x00000000a413a040,0x00000000a7580000)
 Metaspace       used 80568K, capacity 84740K, committed 84952K, reserved 1122304K
  class space    used 10828K, capacity 11659K, committed 11776K, reserved 1048576K
GC Heap History (10 events):
Event: 3.419 GC heap after
Heap after GC invocations=10 (full 2):
 PSYoungGen      total 239616K, used 0K [0x00000000e0000000, 0x00000000efd00000, 0x0000000100000000)
  eden space 224768K, 0% used [0x00000000e0000000,0x00000000e0000000,0x00000000edb80000)
  from space 14848K, 0% used [0x00000000ee980000,0x00000000ee980000,0x00000000ef800000)
  to   space 14336K, 0% used [0x00000000edb80000,0x00000000edb80000,0x00000000ee980000)
 ParOldGen       total 76288K, used 14874K [0x00000000a0000000, 0x00000000a4a80000, 0x00000000e0000000)
  object space 76288K, 19% used [0x00000000a0000000,0x00000000a0e869c0,0x00000000a4a80000)
 Metaspace       used 34188K, capacity 35378K, committed 35456K, reserved 1079296K
  class space    used 4672K, capacity 4970K, committed 4992K, reserved 1048576K
}
Event: 5.150 GC heap before
{Heap before GC invocations=11 (full 2):
 PSYoungGen      total 239616K, used 224768K [0x00000000e0000000, 0x00000000efd00000, 0x0000000100000000)
  eden space 224768K, 100% used [0x00000000e0000000,0x00000000edb80000,0x00000000edb80000)
  from space 14848K, 0% used [0x00000000ee980000,0x00000000ee980000,0x00000000ef800000)
  to   space 14336K, 0% used [0x00000000edb80000,0x00000000edb80000,0x00000000ee980000)
 ParOldGen       total 76288K, used 14874K [0x00000000a0000000, 0x00000000a4a80000, 0x00000000e0000000)
  object space 76288K, 19% used [0x00000000a0000000,0x00000000a0e869c0,0x00000000a4a80000)
 Metaspace       used 44299K, capacity 46104K, committed 46336K, reserved 1089536K
  class space    used 5994K, capacity 6389K, committed 6400K, reserved 1048576K
Event: 5.164 GC heap after
Heap after GC invocations=11 (full 2):
 PSYoungGen      total 239104K, used 14305K [0x00000000e0000000, 0x00000000f4d80000, 0x0000000100000000)
  eden space 224768K, 0% used [0x00000000e0000000,0x00000000e0000000,0x00000000edb80000)
  from space 14336K, 99% used [0x00000000edb80000,0x00000000ee978748,0x00000000ee980000)
  to   space 17408K, 0% used [0x00000000f3c80000,0x00000000f3c80000,0x00000000f4d80000)
 ParOldGen       total 76288K, used 16752K [0x00000000a0000000, 0x00000000a4a80000, 0x00000000e0000000)
  object space 76288K, 21% used [0x00000000a0000000,0x00000000a105c270,0x00000000a4a80000)
 Metaspace       used 44299K, capacity 46104K, committed 46336K, reserved 1089536K
  class space    used 5994K, capacity 6389K, committed 6400K, reserved 1048576K
}
Event: 6.711 GC heap before
{Heap before GC invocations=12 (full 2):
 PSYoungGen      total 239104K, used 172168K [0x00000000e0000000, 0x00000000f4d80000, 0x0000000100000000)
  eden space 224768K, 70% used [0x00000000e0000000,0x00000000e9a299a8,0x00000000edb80000)
  from space 14336K, 99% used [0x00000000edb80000,0x00000000ee978748,0x00000000ee980000)
  to   space 17408K, 0% used [0x00000000f3c80000,0x00000000f3c80000,0x00000000f4d80000)
 ParOldGen       total 76288K, used 16752K [0x00000000a0000000, 0x00000000a4a80000, 0x00000000e0000000)
  object space 76288K, 21% used [0x00000000a0000000,0x00000000a105c270,0x00000000a4a80000)
 Metaspace       used 56537K, capacity 58924K, committed 59096K, reserved 1099776K
  class space    used 7677K, capacity 8171K, committed 8192K, reserved 1048576K
Event: 6.737 GC heap after
Heap after GC invocations=12 (full 2):
 PSYoungGen      total 318464K, used 17396K [0x00000000e0000000, 0x00000000f5380000, 0x0000000100000000)
  eden space 301056K, 0% used [0x00000000e0000000,0x00000000e0000000,0x00000000f2600000)
  from space 17408K, 99% used [0x00000000f3c80000,0x00000000f4d7d300,0x00000000f4d80000)
  to   space 23040K, 0% used [0x00000000f2600000,0x00000000f2600000,0x00000000f3c80000)
 ParOldGen       total 76288K, used 26670K [0x00000000a0000000, 0x00000000a4a80000, 0x00000000e0000000)
  object space 76288K, 34% used [0x00000000a0000000,0x00000000a1a0b968,0x00000000a4a80000)
 Metaspace       used 56537K, capacity 58924K, committed 59096K, reserved 1099776K
  class space    used 7677K, capacity 8171K, committed 8192K, reserved 1048576K
}
Event: 6.737 GC heap before
{Heap before GC invocations=13 (full 3):
 PSYoungGen      total 318464K, used 17396K [0x00000000e0000000, 0x00000000f5380000, 0x0000000100000000)
  eden space 301056K, 0% used [0x00000000e0000000,0x00000000e0000000,0x00000000f2600000)
  from space 17408K, 99% used [0x00000000f3c80000,0x00000000f4d7d300,0x00000000f4d80000)
  to   space 23040K, 0% used [0x00000000f2600000,0x00000000f2600000,0x00000000f3c80000)
 ParOldGen       total 76288K, used 26670K [0x00000000a0000000, 0x00000000a4a80000, 0x00000000e0000000)
  object space 76288K, 34% used [0x00000000a0000000,0x00000000a1a0b968,0x00000000a4a80000)
 Metaspace       used 56537K, capacity 58924K, committed 59096K, reserved 1099776K
  class space    used 7677K, capacity 8171K, committed 8192K, reserved 1048576K
Event: 6.889 GC heap after
Heap after GC invocations=13 (full 3):
 PSYoungGen      total 318464K, used 0K [0x00000000e0000000, 0x00000000f5380000, 0x0000000100000000)
  eden space 301056K, 0% used [0x00000000e0000000,0x00000000e0000000,0x00000000f2600000)
  from space 17408K, 0% used [0x00000000f3c80000,0x00000000f3c80000,0x00000000f4d80000)
  to   space 23040K, 0% used [0x00000000f2600000,0x00000000f2600000,0x00000000f3c80000)
 ParOldGen       total 120320K, used 39738K [0x00000000a0000000, 0x00000000a7580000, 0x00000000e0000000)
  object space 120320K, 33% used [0x00000000a0000000,0x00000000a26ce808,0x00000000a7580000)
 Metaspace       used 56517K, capacity 58858K, committed 59096K, reserved 1099776K
  class space    used 7671K, capacity 8160K, committed 8192K, reserved 1048576K
}
Event: 10.076 GC heap before
{Heap before GC invocations=14 (full 3):
 PSYoungGen      total 318464K, used 301056K [0x00000000e0000000, 0x00000000f5380000, 0x0000000100000000)
  eden space 301056K, 100% used [0x00000000e0000000,0x00000000f2600000,0x00000000f2600000)
  from space 17408K, 0% used [0x00000000f3c80000,0x00000000f3c80000,0x00000000f4d80000)
  to   space 23040K, 0% used [0x00000000f2600000,0x00000000f2600000,0x00000000f3c80000)
 ParOldGen       total 120320K, used 39738K [0x00000000a0000000, 0x00000000a7580000, 0x00000000e0000000)
  object space 120320K, 33% used [0x00000000a0000000,0x00000000a26ce808,0x00000000a7580000)
 Metaspace       used 67500K, capacity 70758K, committed 71000K, reserved 1110016K
  class space    used 9179K, capacity 9782K, committed 9856K, reserved 1048576K
Event: 10.123 GC heap after
Heap after GC invocations=14 (full 3):
 PSYoungGen      total 324096K, used 23034K [0x00000000e0000000, 0x00000000fb180000, 0x0000000100000000)
  eden space 301056K, 0% used [0x00000000e0000000,0x00000000e0000000,0x00000000f2600000)
  from space 23040K, 99% used [0x00000000f2600000,0x00000000f3c7ea58,0x00000000f3c80000)
  to   space 29184K, 0% used [0x00000000f9500000,0x00000000f9500000,0x00000000fb180000)
 ParOldGen       total 120320K, used 46322K [0x00000000a0000000, 0x00000000a7580000, 0x00000000e0000000)
  object space 120320K, 38% used [0x00000000a0000000,0x00000000a2d3ca70,0x00000000a7580000)
 Metaspace       used 67500K, capacity 70758K, committed 71000K, reserved 1110016K
  class space    used 9179K, capacity 9782K, committed 9856K, reserved 1048576K
}
Event: 12.649 GC heap before
{Heap before GC invocations=15 (full 3):
 PSYoungGen      total 324096K, used 324090K [0x00000000e0000000, 0x00000000fb180000, 0x0000000100000000)
  eden space 301056K, 100% used [0x00000000e0000000,0x00000000f2600000,0x00000000f2600000)
  from space 23040K, 99% used [0x00000000f2600000,0x00000000f3c7ea58,0x00000000f3c80000)
  to   space 29184K, 0% used [0x00000000f9500000,0x00000000f9500000,0x00000000fb180000)
 ParOldGen       total 120320K, used 46322K [0x00000000a0000000, 0x00000000a7580000, 0x00000000e0000000)
  object space 120320K, 38% used [0x00000000a0000000,0x00000000a2d3ca70,0x00000000a7580000)
 Metaspace       used 80568K, capacity 84740K, committed 84952K, reserved 1122304K
  class space    used 10828K, capacity 11659K, committed 11776K, reserved 1048576K

