# JRE version: OpenJDK Runtime Environment (8.0_242-b01) (build 1.8.0_242-release-1644-b01)
# Java VM: OpenJDK 64-Bit Server VM (25.242-b01 mixed mode windows-amd64 compressed oops)
Heap:
 PSYoungGen      total 439808K, used 84458K [0x00000000e0000000, 0x0000000100000000, 0x0000000100000000)
  eden space 355328K, 0% used [0x00000000e0000000,0x00000000e0000000,0x00000000f5b00000)
  from space 84480K, 99% used [0x00000000f5b00000,0x00000000fad7ab90,0x00000000fad80000)
  to   space 84480K, 0% used [0x00000000fad80000,0x00000000fad80000,0x0000000100000000)
 ParOldGen       total 229888K, used 218437K [0x00000000a0000000, 0x00000000ae080000, 0x00000000e0000000)
  object space 229888K, 95% used [0x00000000a0000000,0x00000000ad5514f0,0x00000000ae080000)
 Metaspace       used 147225K, capacity 153057K, committed 153216K, reserved 1181696K
  class space    used 18954K, capacity 20055K, committed 20096K, reserved 1048576K
GC Heap History (10 events):
Event: 19.455 GC heap after
Heap after GC invocations=17 (full 4):
 PSYoungGen      total 486912K, used 0K [0x00000000e0000000, 0x0000000100000000, 0x0000000100000000)
  eden space 449536K, 0% used [0x00000000e0000000,0x00000000e0000000,0x00000000fb700000)
  from space 37376K, 0% used [0x00000000fb700000,0x00000000fb700000,0x00000000fdb80000)
  to   space 37376K, 0% used [0x00000000fdb80000,0x00000000fdb80000,0x0000000100000000)
 ParOldGen       total 229888K, used 75967K [0x00000000a0000000, 0x00000000ae080000, 0x00000000e0000000)
  object space 229888K, 33% used [0x00000000a0000000,0x00000000a4a2ff20,0x00000000ae080000)
 Metaspace       used 93740K, capacity 98258K, committed 98496K, reserved 1134592K
  class space    used 12346K, capacity 13209K, committed 13312K, reserved 1048576K
}
Event: 25.066 GC heap before
{Heap before GC invocations=18 (full 4):
 PSYoungGen      total 486912K, used 449536K [0x00000000e0000000, 0x0000000100000000, 0x0000000100000000)
  eden space 449536K, 100% used [0x00000000e0000000,0x00000000fb700000,0x00000000fb700000)
  from space 37376K, 0% used [0x00000000fb700000,0x00000000fb700000,0x00000000fdb80000)
  to   space 37376K, 0% used [0x00000000fdb80000,0x00000000fdb80000,0x0000000100000000)
 ParOldGen       total 229888K, used 75967K [0x00000000a0000000, 0x00000000ae080000, 0x00000000e0000000)
  object space 229888K, 33% used [0x00000000a0000000,0x00000000a4a2ff20,0x00000000ae080000)
 Metaspace       used 135518K, capacity 141029K, committed 141440K, reserved 1171456K
  class space    used 17978K, capacity 19017K, committed 19072K, reserved 1048576K
Event: 25.139 GC heap after
Heap after GC invocations=18 (full 4):
 PSYoungGen      total 425472K, used 37346K [0x00000000e0000000, 0x0000000100000000, 0x0000000100000000)
  eden space 388096K, 0% used [0x00000000e0000000,0x00000000e0000000,0x00000000f7b00000)
  from space 37376K, 99% used [0x00000000fdb80000,0x00000000ffff89d0,0x0000000100000000)
  to   space 68096K, 0% used [0x00000000f7b00000,0x00000000f7b00000,0x00000000fbd80000)
 ParOldGen       total 229888K, used 141238K [0x00000000a0000000, 0x00000000ae080000, 0x00000000e0000000)
  object space 229888K, 61% used [0x00000000a0000000,0x00000000a89edb28,0x00000000ae080000)
 Metaspace       used 135518K, capacity 141029K, committed 141440K, reserved 1171456K
  class space    used 17978K, capacity 19017K, committed 19072K, reserved 1048576K
}
Event: 58.752 GC heap before
{Heap before GC invocations=19 (full 4):
 PSYoungGen      total 425472K, used 425442K [0x00000000e0000000, 0x0000000100000000, 0x0000000100000000)
  eden space 388096K, 100% used [0x00000000e0000000,0x00000000f7b00000,0x00000000f7b00000)
  from space 37376K, 99% used [0x00000000fdb80000,0x00000000ffff89d0,0x0000000100000000)
  to   space 68096K, 0% used [0x00000000f7b00000,0x00000000f7b00000,0x00000000fbd80000)
 ParOldGen       total 229888K, used 141238K [0x00000000a0000000, 0x00000000ae080000, 0x00000000e0000000)
  object space 229888K, 61% used [0x00000000a0000000,0x00000000a89edb28,0x00000000ae080000)
 Metaspace       used 145999K, capacity 151733K, committed 151936K, reserved 1181696K
  class space    used 18939K, capacity 20031K, committed 20096K, reserved 1048576K
Event: 58.801 GC heap after
Heap after GC invocations=19 (full 4):
 PSYoungGen      total 456192K, used 68067K [0x00000000e0000000, 0x0000000100000000, 0x0000000100000000)
  eden space 388096K, 0% used [0x00000000e0000000,0x00000000e0000000,0x00000000f7b00000)
  from space 68096K, 99% used [0x00000000f7b00000,0x00000000fbd78dd0,0x00000000fbd80000)
  to   space 68096K, 0% used [0x00000000fbd80000,0x00000000fbd80000,0x0000000100000000)
 ParOldGen       total 229888K, used 168086K [0x00000000a0000000, 0x00000000ae080000, 0x00000000e0000000)
  object space 229888K, 73% used [0x00000000a0000000,0x00000000aa425a68,0x00000000ae080000)
 Metaspace       used 145999K, capacity 151733K, committed 151936K, reserved 1181696K
  class space    used 18939K, capacity 20031K, committed 20096K, reserved 1048576K
}
Event: 61.098 GC heap before
{Heap before GC invocations=20 (full 4):
 PSYoungGen      total 456192K, used 456163K [0x00000000e0000000, 0x0000000100000000, 0x0000000100000000)
  eden space 388096K, 100% used [0x00000000e0000000,0x00000000f7b00000,0x00000000f7b00000)
  from space 68096K, 99% used [0x00000000f7b00000,0x00000000fbd78dd0,0x00000000fbd80000)
  to   space 68096K, 0% used [0x00000000fbd80000,0x00000000fbd80000,0x0000000100000000)
 ParOldGen       total 229888K, used 168086K [0x00000000a0000000, 0x00000000ae080000, 0x00000000e0000000)
  object space 229888K, 73% used [0x00000000a0000000,0x00000000aa425a68,0x00000000ae080000)
 Metaspace       used 146626K, capacity 152405K, committed 152448K, reserved 1181696K
  class space    used 18953K, capacity 20055K, committed 20096K, reserved 1048576K
Event: 61.131 GC heap after
Heap after GC invocations=20 (full 4):
 PSYoungGen      total 423424K, used 27331K [0x00000000e0000000, 0x0000000100000000, 0x0000000100000000)
  eden space 355328K, 0% used [0x00000000e0000000,0x00000000e0000000,0x00000000f5b00000)
  from space 68096K, 40% used [0x00000000fbd80000,0x00000000fd830d08,0x0000000100000000)
  to   space 84480K, 0% used [0x00000000f5b00000,0x00000000f5b00000,0x00000000fad80000)
 ParOldGen       total 229888K, used 174581K [0x00000000a0000000, 0x00000000ae080000, 0x00000000e0000000)
  object space 229888K, 75% used [0x00000000a0000000,0x00000000aaa7d488,0x00000000ae080000)
 Metaspace       used 146626K, capacity 152405K, committed 152448K, reserved 1181696K
  class space    used 18953K, capacity 20055K, committed 20096K, reserved 1048576K
}
Event: 62.671 GC heap before
{Heap before GC invocations=21 (full 4):
 PSYoungGen      total 423424K, used 382659K [0x00000000e0000000, 0x0000000100000000, 0x0000000100000000)
  eden space 355328K, 100% used [0x00000000e0000000,0x00000000f5b00000,0x00000000f5b00000)
  from space 68096K, 40% used [0x00000000fbd80000,0x00000000fd830d08,0x0000000100000000)
  to   space 84480K, 0% used [0x00000000f5b00000,0x00000000f5b00000,0x00000000fad80000)
 ParOldGen       total 229888K, used 174581K [0x00000000a0000000, 0x00000000ae080000, 0x00000000e0000000)
  object space 229888K, 75% used [0x00000000a0000000,0x00000000aaa7d488,0x00000000ae080000)
 Metaspace       used 147225K, capacity 153057K, committed 153216K, reserved 1181696K
  class space    used 18954K, capacity 20055K, committed 20096K, reserved 1048576K
Event: 62.731 GC heap after
Heap after GC invocations=21 (full 4):
 PSYoungGen      total 439808K, used 84458K [0x00000000e0000000, 0x0000000100000000, 0x0000000100000000)
  eden space 355328K, 0% used [0x00000000e0000000,0x00000000e0000000,0x00000000f5b00000)
  from space 84480K, 99% used [0x00000000f5b00000,0x00000000fad7ab90,0x00000000fad80000)
  to   space 84480K, 0% used [0x00000000fad80000,0x00000000fad80000,0x0000000100000000)
 ParOldGen       total 229888K, used 218437K [0x00000000a0000000, 0x00000000ae080000, 0x00000000e0000000)
  object space 229888K, 95% used [0x00000000a0000000,0x00000000ad5514f0,0x00000000ae080000)
 Metaspace       used 147225K, capacity 153057K, committed 153216K, reserved 1181696K
  class space    used 18954K, capacity 20055K, committed 20096K, reserved 1048576K
}
Event: 62.731 GC heap before
{Heap before GC invocations=22 (full 5):
 PSYoungGen      total 439808K, used 84458K [0x00000000e0000000, 0x0000000100000000, 0x0000000100000000)
  eden space 355328K, 0% used [0x00000000e0000000,0x00000000e0000000,0x00000000f5b00000)
  from space 84480K, 99% used [0x00000000f5b00000,0x00000000fad7ab90,0x00000000fad80000)
  to   space 84480K, 0% used [0x00000000fad80000,0x00000000fad80000,0x0000000100000000)
 ParOldGen       total 229888K, used 218437K [0x00000000a0000000, 0x00000000ae080000, 0x00000000e0000000)
  object space 229888K, 95% used [0x00000000a0000000,0x00000000ad5514f0,0x00000000ae080000)
 Metaspace       used 147225K, capacity 153057K, committed 153216K, reserved 1181696K
  class space    used 18954K, capacity 20055K, committed 20096K, reserved 1048576K

