# JRE version: OpenJDK Runtime Environment (8.0_242-b01) (build 1.8.0_242-release-1644-b01)
# Java VM: OpenJDK 64-Bit Server VM (25.242-b01 mixed mode windows-amd64 compressed oops)
Heap:
 PSYoungGen      total 446976K, used 247236K [0x00000000e0000000, 0x0000000100000000, 0x0000000100000000)
  eden space 410112K, 60% used [0x00000000e0000000,0x00000000ef171348,0x00000000f9080000)
  from space 36864K, 0% used [0x00000000fb480000,0x00000000fb480000,0x00000000fd880000)
  to   space 36864K, 0% used [0x00000000f9080000,0x00000000f9080000,0x00000000fb480000)
 ParOldGen       total 184832K, used 65255K [0x00000000a0000000, 0x00000000ab480000, 0x00000000e0000000)
  object space 184832K, 35% used [0x00000000a0000000,0x00000000a3fb9f50,0x00000000ab480000)
 Metaspace       used 99743K, capacity 105261K, committed 105344K, reserved 1140736K
  class space    used 13082K, capacity 14148K, committed 14208K, reserved 1048576K
GC Heap History (10 events):
Event: 16.277 GC heap before
{Heap before GC invocations=14 (full 3):
 PSYoungGen      total 289280K, used 272896K [0x00000000e0000000, 0x00000000f3680000, 0x0000000100000000)
  eden space 272896K, 100% used [0x00000000e0000000,0x00000000f0a80000,0x00000000f0a80000)
  from space 16384K, 0% used [0x00000000f2200000,0x00000000f2200000,0x00000000f3200000)
  to   space 22528K, 0% used [0x00000000f0a80000,0x00000000f0a80000,0x00000000f2080000)
 ParOldGen       total 131072K, used 39112K [0x00000000a0000000, 0x00000000a8000000, 0x00000000e0000000)
  object space 131072K, 29% used [0x00000000a0000000,0x00000000a2632190,0x00000000a8000000)
 Metaspace       used 71802K, capacity 75158K, committed 75392K, reserved 1114112K
  class space    used 9708K, capacity 10338K, committed 10368K, reserved 1048576K
Event: 16.310 GC heap after
Heap after GC invocations=14 (full 3):
 PSYoungGen      total 295424K, used 22525K [0x00000000e0000000, 0x00000000f8580000, 0x0000000100000000)
  eden space 272896K, 0% used [0x00000000e0000000,0x00000000e0000000,0x00000000f0a80000)
  from space 22528K, 99% used [0x00000000f0a80000,0x00000000f207f710,0x00000000f2080000)
  to   space 27136K, 0% used [0x00000000f6b00000,0x00000000f6b00000,0x00000000f8580000)
 ParOldGen       total 131072K, used 43310K [0x00000000a0000000, 0x00000000a8000000, 0x00000000e0000000)
  object space 131072K, 33% used [0x00000000a0000000,0x00000000a2a4ba08,0x00000000a8000000)
 Metaspace       used 71802K, capacity 75158K, committed 75392K, reserved 1114112K
  class space    used 9708K, capacity 10338K, committed 10368K, reserved 1048576K
}
Event: 20.619 GC heap before
{Heap before GC invocations=15 (full 3):
 PSYoungGen      total 295424K, used 295421K [0x00000000e0000000, 0x00000000f8580000, 0x0000000100000000)
  eden space 272896K, 100% used [0x00000000e0000000,0x00000000f0a80000,0x00000000f0a80000)
  from space 22528K, 99% used [0x00000000f0a80000,0x00000000f207f710,0x00000000f2080000)
  to   space 27136K, 0% used [0x00000000f6b00000,0x00000000f6b00000,0x00000000f8580000)
 ParOldGen       total 131072K, used 43310K [0x00000000a0000000, 0x00000000a8000000, 0x00000000e0000000)
  object space 131072K, 33% used [0x00000000a0000000,0x00000000a2a4ba08,0x00000000a8000000)
 Metaspace       used 83353K, capacity 87622K, committed 87808K, reserved 1124352K
  class space    used 11224K, capacity 12027K, committed 12032K, reserved 1048576K
Event: 20.662 GC heap after
Heap after GC invocations=15 (full 3):
 PSYoungGen      total 367104K, used 22841K [0x00000000e0000000, 0x00000000f8600000, 0x0000000100000000)
  eden space 339968K, 0% used [0x00000000e0000000,0x00000000e0000000,0x00000000f4c00000)
  from space 27136K, 84% used [0x00000000f6b00000,0x00000000f814e760,0x00000000f8580000)
  to   space 29696K, 0% used [0x00000000f4c00000,0x00000000f4c00000,0x00000000f6900000)
 ParOldGen       total 131072K, used 58273K [0x00000000a0000000, 0x00000000a8000000, 0x00000000e0000000)
  object space 131072K, 44% used [0x00000000a0000000,0x00000000a38e8490,0x00000000a8000000)
 Metaspace       used 83353K, capacity 87622K, committed 87808K, reserved 1124352K
  class space    used 11224K, capacity 12027K, committed 12032K, reserved 1048576K
}
Event: 82.441 GC heap before
{Heap before GC invocations=16 (full 3):
 PSYoungGen      total 367104K, used 362809K [0x00000000e0000000, 0x00000000f8600000, 0x0000000100000000)
  eden space 339968K, 100% used [0x00000000e0000000,0x00000000f4c00000,0x00000000f4c00000)
  from space 27136K, 84% used [0x00000000f6b00000,0x00000000f814e760,0x00000000f8580000)
  to   space 29696K, 0% used [0x00000000f4c00000,0x00000000f4c00000,0x00000000f6900000)
 ParOldGen       total 131072K, used 58273K [0x00000000a0000000, 0x00000000a8000000, 0x00000000e0000000)
  object space 131072K, 44% used [0x00000000a0000000,0x00000000a38e8490,0x00000000a8000000)
 Metaspace       used 93406K, capacity 98298K, committed 98432K, reserved 1134592K
  class space    used 12354K, capacity 13332K, committed 13440K, reserved 1048576K
Event: 82.470 GC heap after
Heap after GC invocations=16 (full 3):
 PSYoungGen      total 369664K, used 29668K [0x00000000e0000000, 0x00000000fd880000, 0x0000000100000000)
  eden space 339968K, 0% used [0x00000000e0000000,0x00000000e0000000,0x00000000f4c00000)
  from space 29696K, 99% used [0x00000000f4c00000,0x00000000f68f9258,0x00000000f6900000)
  to   space 36864K, 0% used [0x00000000fb480000,0x00000000fb480000,0x00000000fd880000)
 ParOldGen       total 131072K, used 64712K [0x00000000a0000000, 0x00000000a8000000, 0x00000000e0000000)
  object space 131072K, 49% used [0x00000000a0000000,0x00000000a3f32328,0x00000000a8000000)
 Metaspace       used 93406K, capacity 98298K, committed 98432K, reserved 1134592K
  class space    used 12354K, capacity 13332K, committed 13440K, reserved 1048576K
}
Event: 82.668 GC heap before
{Heap before GC invocations=17 (full 3):
 PSYoungGen      total 369664K, used 75104K [0x00000000e0000000, 0x00000000fd880000, 0x0000000100000000)
  eden space 339968K, 13% used [0x00000000e0000000,0x00000000e2c5f0f0,0x00000000f4c00000)
  from space 29696K, 99% used [0x00000000f4c00000,0x00000000f68f9258,0x00000000f6900000)
  to   space 36864K, 0% used [0x00000000fb480000,0x00000000fb480000,0x00000000fd880000)
 ParOldGen       total 131072K, used 64712K [0x00000000a0000000, 0x00000000a8000000, 0x00000000e0000000)
  object space 131072K, 49% used [0x00000000a0000000,0x00000000a3f32328,0x00000000a8000000)
 Metaspace       used 93530K, capacity 98459K, committed 98560K, reserved 1134592K
  class space    used 12361K, capacity 13339K, committed 13440K, reserved 1048576K
Event: 82.701 GC heap after
Heap after GC invocations=17 (full 3):
 PSYoungGen      total 446976K, used 2304K [0x00000000e0000000, 0x0000000100000000, 0x0000000100000000)
  eden space 410112K, 0% used [0x00000000e0000000,0x00000000e0000000,0x00000000f9080000)
  from space 36864K, 6% used [0x00000000fb480000,0x00000000fb6c0000,0x00000000fd880000)
  to   space 36864K, 0% used [0x00000000f9080000,0x00000000f9080000,0x00000000fb480000)
 ParOldGen       total 131072K, used 93263K [0x00000000a0000000, 0x00000000a8000000, 0x00000000e0000000)
  object space 131072K, 71% used [0x00000000a0000000,0x00000000a5b13fa8,0x00000000a8000000)
 Metaspace       used 93530K, capacity 98459K, committed 98560K, reserved 1134592K
  class space    used 12361K, capacity 13339K, committed 13440K, reserved 1048576K
}
Event: 82.701 GC heap before
{Heap before GC invocations=18 (full 4):
 PSYoungGen      total 446976K, used 2304K [0x00000000e0000000, 0x0000000100000000, 0x0000000100000000)
  eden space 410112K, 0% used [0x00000000e0000000,0x00000000e0000000,0x00000000f9080000)
  from space 36864K, 6% used [0x00000000fb480000,0x00000000fb6c0000,0x00000000fd880000)
  to   space 36864K, 0% used [0x00000000f9080000,0x00000000f9080000,0x00000000fb480000)
 ParOldGen       total 131072K, used 93263K [0x00000000a0000000, 0x00000000a8000000, 0x00000000e0000000)
  object space 131072K, 71% used [0x00000000a0000000,0x00000000a5b13fa8,0x00000000a8000000)
 Metaspace       used 93530K, capacity 98459K, committed 98560K, reserved 1134592K
  class space    used 12361K, capacity 13339K, committed 13440K, reserved 1048576K
Event: 82.904 GC heap after
Heap after GC invocations=18 (full 4):
 PSYoungGen      total 446976K, used 0K [0x00000000e0000000, 0x0000000100000000, 0x0000000100000000)
  eden space 410112K, 0% used [0x00000000e0000000,0x00000000e0000000,0x00000000f9080000)
  from space 36864K, 0% used [0x00000000fb480000,0x00000000fb480000,0x00000000fd880000)
  to   space 36864K, 0% used [0x00000000f9080000,0x00000000f9080000,0x00000000fb480000)
 ParOldGen       total 184832K, used 65255K [0x00000000a0000000, 0x00000000ab480000, 0x00000000e0000000)
  object space 184832K, 35% used [0x00000000a0000000,0x00000000a3fb9f50,0x00000000ab480000)
 Metaspace       used 93510K, capacity 98397K, committed 98560K, reserved 1134592K
  class space    used 12355K, capacity 13328K, committed 13440K, reserved 1048576K
}

