# JRE version: OpenJDK Runtime Environment (8.0_242-b01) (build 1.8.0_242-release-1644-b01)
# Java VM: OpenJDK 64-Bit Server VM (25.242-b01 mixed mode windows-amd64 compressed oops)
Heap:
 PSYoungGen      total 478720K, used 462036K [0x00000000e0000000, 0x00000000ffb80000, 0x0000000100000000)
  eden space 442880K, 100% used [0x00000000e0000000,0x00000000fb080000,0x00000000fb080000)
  from space 35840K, 53% used [0x00000000fd880000,0x00000000feb352c8,0x00000000ffb80000)
  to   space 38400K, 59% used [0x00000000fb080000,0x00000000fc6dea68,0x00000000fd600000)
 ParOldGen       total 211968K, used 65021K [0x00000000a0000000, 0x00000000acf00000, 0x00000000e0000000)
  object space 211968K, 30% used [0x00000000a0000000,0x00000000a3f7f4e0,0x00000000acf00000)
 Metaspace       used 127755K, capacity 138068K, committed 138304K, reserved 1169408K
  class space    used 16062K, capacity 17789K, committed 17792K, reserved 1048576K
GC Heap History (10 events):
Event: 21639.807 GC heap after
Heap after GC invocations=95 (full 9):
 PSYoungGen      total 472576K, used 18334K [0x00000000e0000000, 0x00000000ffb00000, 0x0000000100000000)
  eden space 432128K, 0% used [0x00000000e0000000,0x00000000e0000000,0x00000000fa600000)
  from space 40448K, 45% used [0x00000000fd380000,0x00000000fe567888,0x00000000ffb00000)
  to   space 43520K, 0% used [0x00000000fa600000,0x00000000fa600000,0x00000000fd080000)
 ParOldGen       total 211968K, used 64741K [0x00000000a0000000, 0x00000000acf00000, 0x00000000e0000000)
  object space 211968K, 30% used [0x00000000a0000000,0x00000000a3f39480,0x00000000acf00000)
 Metaspace       used 122137K, capacity 131704K, committed 132032K, reserved 1165312K
  class space    used 15393K, capacity 16960K, committed 17152K, reserved 1048576K
}
Event: 21695.821 GC heap before
{Heap before GC invocations=96 (full 9):
 PSYoungGen      total 472576K, used 450462K [0x00000000e0000000, 0x00000000ffb00000, 0x0000000100000000)
  eden space 432128K, 100% used [0x00000000e0000000,0x00000000fa600000,0x00000000fa600000)
  from space 40448K, 45% used [0x00000000fd380000,0x00000000fe567888,0x00000000ffb00000)
  to   space 43520K, 0% used [0x00000000fa600000,0x00000000fa600000,0x00000000fd080000)
 ParOldGen       total 211968K, used 64741K [0x00000000a0000000, 0x00000000acf00000, 0x00000000e0000000)
  object space 211968K, 30% used [0x00000000a0000000,0x00000000a3f39480,0x00000000acf00000)
 Metaspace       used 122302K, capacity 131792K, committed 132288K, reserved 1165312K
  class space    used 15395K, capacity 16962K, committed 17152K, reserved 1048576K
Event: 21695.833 GC heap after
Heap after GC invocations=96 (full 9):
 PSYoungGen      total 475648K, used 11630K [0x00000000e0000000, 0x0000000100000000, 0x0000000100000000)
  eden space 432128K, 0% used [0x00000000e0000000,0x00000000e0000000,0x00000000fa600000)
  from space 43520K, 26% used [0x00000000fa600000,0x00000000fb15bab0,0x00000000fd080000)
  to   space 42496K, 0% used [0x00000000fd680000,0x00000000fd680000,0x0000000100000000)
 ParOldGen       total 211968K, used 64749K [0x00000000a0000000, 0x00000000acf00000, 0x00000000e0000000)
  object space 211968K, 30% used [0x00000000a0000000,0x00000000a3f3b480,0x00000000acf00000)
 Metaspace       used 122302K, capacity 131792K, committed 132288K, reserved 1165312K
  class space    used 15395K, capacity 16962K, committed 17152K, reserved 1048576K
}
Event: 21768.587 GC heap before
{Heap before GC invocations=97 (full 9):
 PSYoungGen      total 475648K, used 443758K [0x00000000e0000000, 0x0000000100000000, 0x0000000100000000)
  eden space 432128K, 100% used [0x00000000e0000000,0x00000000fa600000,0x00000000fa600000)
  from space 43520K, 26% used [0x00000000fa600000,0x00000000fb15bab0,0x00000000fd080000)
  to   space 42496K, 0% used [0x00000000fd680000,0x00000000fd680000,0x0000000100000000)
 ParOldGen       total 211968K, used 64749K [0x00000000a0000000, 0x00000000acf00000, 0x00000000e0000000)
  object space 211968K, 30% used [0x00000000a0000000,0x00000000a3f3b480,0x00000000acf00000)
 Metaspace       used 122417K, capacity 132034K, committed 132288K, reserved 1165312K
  class space    used 15405K, capacity 16979K, committed 17152K, reserved 1048576K
Event: 21768.601 GC heap after
Heap after GC invocations=97 (full 9):
 PSYoungGen      total 476672K, used 13126K [0x00000000e0000000, 0x00000000ffc00000, 0x0000000100000000)
  eden space 438272K, 0% used [0x00000000e0000000,0x00000000e0000000,0x00000000fac00000)
  from space 38400K, 34% used [0x00000000fd680000,0x00000000fe351930,0x00000000ffc00000)
  to   space 40960K, 0% used [0x00000000fac00000,0x00000000fac00000,0x00000000fd400000)
 ParOldGen       total 211968K, used 64749K [0x00000000a0000000, 0x00000000acf00000, 0x00000000e0000000)
  object space 211968K, 30% used [0x00000000a0000000,0x00000000a3f3b480,0x00000000acf00000)
 Metaspace       used 122417K, capacity 132034K, committed 132288K, reserved 1165312K
  class space    used 15405K, capacity 16979K, committed 17152K, reserved 1048576K
}
Event: 21770.301 GC heap before
{Heap before GC invocations=98 (full 9):
 PSYoungGen      total 476672K, used 451398K [0x00000000e0000000, 0x00000000ffc00000, 0x0000000100000000)
  eden space 438272K, 100% used [0x00000000e0000000,0x00000000fac00000,0x00000000fac00000)
  from space 38400K, 34% used [0x00000000fd680000,0x00000000fe351930,0x00000000ffc00000)
  to   space 40960K, 0% used [0x00000000fac00000,0x00000000fac00000,0x00000000fd400000)
 ParOldGen       total 211968K, used 64749K [0x00000000a0000000, 0x00000000acf00000, 0x00000000e0000000)
  object space 211968K, 30% used [0x00000000a0000000,0x00000000a3f3b480,0x00000000acf00000)
 Metaspace       used 122432K, capacity 132034K, committed 132288K, reserved 1165312K
  class space    used 15405K, capacity 16979K, committed 17152K, reserved 1048576K
Event: 21770.321 GC heap after
Heap after GC invocations=98 (full 9):
 PSYoungGen      total 479232K, used 23063K [0x00000000e0000000, 0x0000000100000000, 0x0000000100000000)
  eden space 438272K, 0% used [0x00000000e0000000,0x00000000e0000000,0x00000000fac00000)
  from space 40960K, 56% used [0x00000000fac00000,0x00000000fc285db0,0x00000000fd400000)
  to   space 40448K, 0% used [0x00000000fd880000,0x00000000fd880000,0x0000000100000000)
 ParOldGen       total 211968K, used 64749K [0x00000000a0000000, 0x00000000acf00000, 0x00000000e0000000)
  object space 211968K, 30% used [0x00000000a0000000,0x00000000a3f3b480,0x00000000acf00000)
 Metaspace       used 122432K, capacity 132034K, committed 132288K, reserved 1165312K
  class space    used 15405K, capacity 16979K, committed 17152K, reserved 1048576K
}
Event: 23322.381 GC heap before
{Heap before GC invocations=99 (full 9):
 PSYoungGen      total 479232K, used 461335K [0x00000000e0000000, 0x0000000100000000, 0x0000000100000000)
  eden space 438272K, 100% used [0x00000000e0000000,0x00000000fac00000,0x00000000fac00000)
  from space 40960K, 56% used [0x00000000fac00000,0x00000000fc285db0,0x00000000fd400000)
  to   space 40448K, 0% used [0x00000000fd880000,0x00000000fd880000,0x0000000100000000)
 ParOldGen       total 211968K, used 64749K [0x00000000a0000000, 0x00000000acf00000, 0x00000000e0000000)
  object space 211968K, 30% used [0x00000000a0000000,0x00000000a3f3b480,0x00000000acf00000)
 Metaspace       used 125273K, capacity 135448K, committed 135488K, reserved 1167360K
  class space    used 15786K, capacity 17519K, committed 17536K, reserved 1048576K
Event: 23322.403 GC heap after
Heap after GC invocations=99 (full 9):
 PSYoungGen      total 478720K, used 19156K [0x00000000e0000000, 0x00000000ffb80000, 0x0000000100000000)
  eden space 442880K, 0% used [0x00000000e0000000,0x00000000e0000000,0x00000000fb080000)
  from space 35840K, 53% used [0x00000000fd880000,0x00000000feb352c8,0x00000000ffb80000)
  to   space 38400K, 0% used [0x00000000fb080000,0x00000000fb080000,0x00000000fd600000)
 ParOldGen       total 211968K, used 64997K [0x00000000a0000000, 0x00000000acf00000, 0x00000000e0000000)
  object space 211968K, 30% used [0x00000000a0000000,0x00000000a3f794e0,0x00000000acf00000)
 Metaspace       used 125273K, capacity 135448K, committed 135488K, reserved 1167360K
  class space    used 15786K, capacity 17519K, committed 17536K, reserved 1048576K
}
Event: 23325.675 GC heap before
{Heap before GC invocations=100 (full 9):
 PSYoungGen      total 478720K, used 462036K [0x00000000e0000000, 0x00000000ffb80000, 0x0000000100000000)
  eden space 442880K, 100% used [0x00000000e0000000,0x00000000fb080000,0x00000000fb080000)
  from space 35840K, 53% used [0x00000000fd880000,0x00000000feb352c8,0x00000000ffb80000)
  to   space 38400K, 0% used [0x00000000fb080000,0x00000000fb080000,0x00000000fd600000)
 ParOldGen       total 211968K, used 64997K [0x00000000a0000000, 0x00000000acf00000, 0x00000000e0000000)
  object space 211968K, 30% used [0x00000000a0000000,0x00000000a3f794e0,0x00000000acf00000)
 Metaspace       used 127755K, capacity 138068K, committed 138304K, reserved 1169408K
  class space    used 16062K, capacity 17789K, committed 17792K, reserved 1048576K

