# JRE version: OpenJDK Runtime Environment (11.0.10) (build 11.0.10+0-b96-7249189)
# Java VM: OpenJDK 64-Bit Server VM (11.0.10+0-b96-7249189, mixed mode, tiered, compressed oops, g1 gc, windows-amd64)
Heap:
 garbage-first heap   total 155648K, used 76589K [0x0000000082000000, 0x0000000100000000)
  region size 1024K, 49 young (50176K), 7 survivors (7168K)
 Metaspace       used 59817K, capacity 60450K, committed 60508K, reserved 1103872K
  class space    used 6918K, capacity 7149K, committed 7168K, reserved 1048576K
GC Heap History (13 events):
Event: 0.333 GC heap before
{Heap before GC invocations=0 (full 0):
 garbage-first heap   total 129024K, used 17408K [0x0000000082000000, 0x0000000100000000)
  region size 1024K, 14 young (14336K), 0 survivors (0K)
 Metaspace       used 9790K, capacity 9874K, committed 10112K, reserved 1058816K
  class space    used 837K, capacity 885K, committed 896K, reserved 1048576K
}
Event: 0.335 GC heap after
{Heap after GC invocations=1 (full 0):
 garbage-first heap   total 129024K, used 5253K [0x0000000082000000, 0x0000000100000000)
  region size 1024K, 2 young (2048K), 2 survivors (2048K)
 Metaspace       used 9790K, capacity 9874K, committed 10112K, reserved 1058816K
  class space    used 837K, capacity 885K, committed 896K, reserved 1048576K
}
Event: 0.953 GC heap before
{Heap before GC invocations=1 (full 0):
 garbage-first heap   total 129024K, used 50309K [0x0000000082000000, 0x0000000100000000)
  region size 1024K, 47 young (48128K), 2 survivors (2048K)
 Metaspace       used 20994K, capacity 21222K, committed 21248K, reserved 1069056K
  class space    used 2222K, capacity 2293K, committed 2304K, reserved 1048576K
}
Event: 0.963 GC heap after
{Heap after GC invocations=2 (full 0):
 garbage-first heap   total 129024K, used 9158K [0x0000000082000000, 0x0000000100000000)
  region size 1024K, 6 young (6144K), 6 survivors (6144K)
 Metaspace       used 20994K, capacity 21222K, committed 21248K, reserved 1069056K
  class space    used 2222K, capacity 2293K, committed 2304K, reserved 1048576K
}
Event: 1.615 GC heap before
{Heap before GC invocations=3 (full 0):
 garbage-first heap   total 129024K, used 61382K [0x0000000082000000, 0x0000000100000000)
  region size 1024K, 52 young (53248K), 6 survivors (6144K)
 Metaspace       used 30973K, capacity 31458K, committed 31868K, reserved 1077248K
  class space    used 3665K, capacity 3846K, committed 3968K, reserved 1048576K
}
Event: 1.627 GC heap after
{Heap after GC invocations=4 (full 0):
 garbage-first heap   total 129024K, used 21566K [0x0000000082000000, 0x0000000100000000)
  region size 1024K, 7 young (7168K), 7 survivors (7168K)
 Metaspace       used 30973K, capacity 31458K, committed 31868K, reserved 1077248K
  class space    used 3665K, capacity 3846K, committed 3968K, reserved 1048576K
}
Event: 1.866 GC heap before
{Heap before GC invocations=4 (full 0):
 garbage-first heap   total 129024K, used 42046K [0x0000000082000000, 0x0000000100000000)
  region size 1024K, 28 young (28672K), 7 survivors (7168K)
 Metaspace       used 35437K, capacity 35893K, committed 36048K, reserved 1081344K
  class space    used 4368K, capacity 4556K, committed 4608K, reserved 1048576K
}
Event: 1.874 GC heap after
{Heap after GC invocations=5 (full 0):
 garbage-first heap   total 129024K, used 24563K [0x0000000082000000, 0x0000000100000000)
  region size 1024K, 3 young (3072K), 3 survivors (3072K)
 Metaspace       used 35437K, capacity 35893K, committed 36048K, reserved 1081344K
  class space    used 4368K, capacity 4556K, committed 4608K, reserved 1048576K
}
Event: 2.491 GC heap before
{Heap before GC invocations=6 (full 0):
 garbage-first heap   total 129024K, used 73715K [0x0000000082000000, 0x0000000100000000)
  region size 1024K, 51 young (52224K), 3 survivors (3072K)
 Metaspace       used 44811K, capacity 45396K, committed 45776K, reserved 1089536K
  class space    used 5327K, capacity 5522K, committed 5632K, reserved 1048576K
}
Event: 2.498 GC heap after
{Heap after GC invocations=7 (full 0):
 garbage-first heap   total 155648K, used 27233K [0x0000000082000000, 0x0000000100000000)
  region size 1024K, 7 young (7168K), 7 survivors (7168K)
 Metaspace       used 44811K, capacity 45396K, committed 45776K, reserved 1089536K
  class space    used 5327K, capacity 5522K, committed 5632K, reserved 1048576K
}
Event: 3.125 GC heap before
{Heap before GC invocations=7 (full 0):
 garbage-first heap   total 155648K, used 90721K [0x0000000082000000, 0x0000000100000000)
  region size 1024K, 66 young (67584K), 7 survivors (7168K)
 Metaspace       used 51353K, capacity 52008K, committed 52176K, reserved 1095680K
  class space    used 6043K, capacity 6296K, committed 6400K, reserved 1048576K
}
Event: 3.136 GC heap after
{Heap after GC invocations=8 (full 0):
 garbage-first heap   total 155648K, used 34091K [0x0000000082000000, 0x0000000100000000)
  region size 1024K, 5 young (5120K), 5 survivors (5120K)
 Metaspace       used 51353K, capacity 52008K, committed 52176K, reserved 1095680K
  class space    used 6043K, capacity 6296K, committed 6400K, reserved 1048576K
}
Event: 3.779 GC heap before
{Heap before GC invocations=8 (full 0):
 garbage-first heap   total 155648K, used 76075K [0x0000000082000000, 0x0000000100000000)
  region size 1024K, 47 young (48128K), 5 survivors (5120K)
 Metaspace       used 59817K, capacity 60450K, committed 60508K, reserved 1103872K
  class space    used 6918K, capacity 7149K, committed 7168K, reserved 1048576K
}

